This file contains any messages produced by compilers while
running configure, to aid debugging if configure makes a mistake.

It was created by daq configure 2.0.6, which was
generated by GNU Autoconf 2.69.  Invocation command line was

  $ ./configure 

## --------- ##
## Platform. ##
## --------- ##

hostname = swena56.ddns.net
uname -m = i686
uname -r = 4.0.0-kali1-686-pae
uname -s = Linux
uname -v = #1 SMP Debian 4.0.4-1+kali2 (2015-06-03)

/usr/bin/uname -p = unknown
/bin/uname -X     = unknown

/bin/arch              = unknown
/usr/bin/arch -k       = unknown
/usr/convex/getsysinfo = unknown
/usr/bin/hostinfo      = unknown
/bin/machine           = unknown
/usr/bin/oslevel       = unknown
/bin/universe          = unknown

PATH: /usr/local/sbin
PATH: /usr/local/bin
PATH: /usr/sbin
PATH: /usr/bin
PATH: /sbin
PATH: /bin


## ----------- ##
## Core tests. ##
## ----------- ##

configure:2480: checking for a BSD-compatible install
configure:2548: result: /usr/bin/install -c
configure:2559: checking whether build environment is sane
configure:2614: result: yes
configure:2765: checking for a thread-safe mkdir -p
configure:2804: result: /bin/mkdir -p
configure:2811: checking for gawk
configure:2841: result: no
configure:2811: checking for mawk
configure:2827: found /usr/bin/mawk
configure:2838: result: mawk
configure:2849: checking whether make sets $(MAKE)
configure:2871: result: yes
configure:2900: checking whether make supports nested variables
configure:2917: result: yes
configure:3093: checking for gcc
configure:3109: found /usr/bin/gcc
configure:3120: result: gcc
configure:3349: checking for C compiler version
configure:3358: gcc --version >&5
gcc (Debian 4.9.2-10) 4.9.2
Copyright (C) 2014 Free Software Foundation, Inc.
This is free software; see the source for copying conditions.  There is NO
warranty; not even for MERCHANTABILITY or FITNESS FOR A PARTICULAR PURPOSE.

configure:3369: $? = 0
configure:3358: gcc -v >&5
Using built-in specs.
COLLECT_GCC=gcc
COLLECT_LTO_WRAPPER=/usr/lib/gcc/i586-linux-gnu/4.9/lto-wrapper
Target: i586-linux-gnu
Configured with: ../src/configure -v --with-pkgversion='Debian 4.9.2-10' --with-bugurl=file:///usr/share/doc/gcc-4.9/README.Bugs --enable-languages=c,c++,java,go,d,fortran,objc,obj-c++ --prefix=/usr --program-suffix=-4.9 --enable-shared --enable-linker-build-id --libexecdir=/usr/lib --without-included-gettext --enable-threads=posix --with-gxx-include-dir=/usr/include/c++/4.9 --libdir=/usr/lib --enable-nls --with-sysroot=/ --enable-clocale=gnu --enable-libstdcxx-debug --enable-libstdcxx-time=yes --enable-gnu-unique-object --disable-vtable-verify --enable-plugin --with-system-zlib --disable-browser-plugin --enable-java-awt=gtk --enable-gtk-cairo --with-java-home=/usr/lib/jvm/java-1.5.0-gcj-4.9-i386/jre --enable-java-home --with-jvm-root-dir=/usr/lib/jvm/java-1.5.0-gcj-4.9-i386 --with-jvm-jar-dir=/usr/lib/jvm-exports/java-1.5.0-gcj-4.9-i386 --with-arch-directory=i386 --with-ecj-jar=/usr/share/java/eclipse-ecj.jar --enable-objc-gc --enable-targets=all --enable-multiarch --with-arch-32=i586 --with-multilib-list=m32,m64,mx32 --enable-multilib --with-tune=generic --enable-checking=release --build=i586-linux-gnu --host=i586-linux-gnu --target=i586-linux-gnu
Thread model: posix
gcc version 4.9.2 (Debian 4.9.2-10) 
configure:3369: $? = 0
configure:3358: gcc -V >&5
gcc: error: unrecognized command line option '-V'
gcc: fatal error: no input files
compilation terminated.
configure:3369: $? = 4
configure:3358: gcc -qversion >&5
gcc: error: unrecognized command line option '-qversion'
gcc: fatal error: no input files
compilation terminated.
configure:3369: $? = 4
configure:3389: checking whether the C compiler works
configure:3411: gcc    conftest.c  >&5
configure:3415: $? = 0
configure:3463: result: yes
configure:3466: checking for C compiler default output file name
configure:3468: result: a.out
configure:3474: checking for suffix of executables
configure:3481: gcc -o conftest    conftest.c  >&5
configure:3485: $? = 0
configure:3507: result: 
configure:3529: checking whether we are cross compiling
configure:3537: gcc -o conftest    conftest.c  >&5
configure:3541: $? = 0
configure:3548: ./conftest
configure:3552: $? = 0
configure:3567: result: no
configure:3572: checking for suffix of object files
configure:3594: gcc -c   conftest.c >&5
configure:3598: $? = 0
configure:3619: result: o
configure:3623: checking whether we are using the GNU C compiler
configure:3642: gcc -c   conftest.c >&5
configure:3642: $? = 0
configure:3651: result: yes
configure:3660: checking whether gcc accepts -g
configure:3680: gcc -c -g  conftest.c >&5
configure:3680: $? = 0
configure:3721: result: yes
configure:3738: checking for gcc option to accept ISO C89
configure:3801: gcc  -c -g -O2  conftest.c >&5
configure:3801: $? = 0
configure:3814: result: none needed
configure:3839: checking whether gcc understands -c and -o together
configure:3861: gcc -c conftest.c -o conftest2.o
configure:3864: $? = 0
configure:3861: gcc -c conftest.c -o conftest2.o
configure:3864: $? = 0
configure:3876: result: yes
configure:3904: checking for style of include used by make
configure:3932: result: GNU
configure:3958: checking dependency style of gcc
configure:4069: result: gcc3
configure:4113: checking build system type
configure:4127: result: i686-pc-linux-gnu
configure:4147: checking host system type
configure:4160: result: i686-pc-linux-gnu
configure:4201: checking how to print strings
configure:4228: result: printf
configure:4249: checking for a sed that does not truncate output
configure:4313: result: /bin/sed
configure:4331: checking for grep that handles long lines and -e
configure:4389: result: /bin/grep
configure:4394: checking for egrep
configure:4456: result: /bin/grep -E
configure:4461: checking for fgrep
configure:4523: result: /bin/grep -F
configure:4558: checking for ld used by gcc
configure:4625: result: /usr/bin/ld
configure:4632: checking if the linker (/usr/bin/ld) is GNU ld
configure:4647: result: yes
configure:4659: checking for BSD- or MS-compatible name lister (nm)
configure:4713: result: /usr/bin/nm -B
configure:4843: checking the name lister (/usr/bin/nm -B) interface
configure:4850: gcc -c -g -O2  conftest.c >&5
configure:4853: /usr/bin/nm -B "conftest.o"
configure:4856: output
00000000 B some_variable
configure:4863: result: BSD nm
configure:4866: checking whether ln -s works
configure:4870: result: yes
configure:4878: checking the maximum length of command line arguments
configure:5009: result: 1572864
configure:5057: checking how to convert i686-pc-linux-gnu file names to i686-pc-linux-gnu format
configure:5097: result: func_convert_file_noop
configure:5104: checking how to convert i686-pc-linux-gnu file names to toolchain format
configure:5124: result: func_convert_file_noop
configure:5131: checking for /usr/bin/ld option to reload object files
configure:5138: result: -r
configure:5212: checking for objdump
configure:5228: found /usr/bin/objdump
configure:5239: result: objdump
configure:5271: checking how to recognize dependent libraries
configure:5471: result: pass_all
configure:5556: checking for dlltool
configure:5586: result: no
configure:5616: checking how to associate runtime and link libraries
configure:5643: result: printf %s\n
configure:5704: checking for ar
configure:5720: found /usr/bin/ar
configure:5731: result: ar
configure:5768: checking for archiver @FILE support
configure:5785: gcc -c -g -O2  conftest.c >&5
configure:5785: $? = 0
configure:5788: ar cru libconftest.a @conftest.lst >&5
configure:5791: $? = 0
configure:5796: ar cru libconftest.a @conftest.lst >&5
ar: conftest.o: No such file or directory
configure:5799: $? = 1
configure:5811: result: @
configure:5869: checking for strip
configure:5885: found /usr/bin/strip
configure:5896: result: strip
configure:5968: checking for ranlib
configure:5984: found /usr/bin/ranlib
configure:5995: result: ranlib
configure:6097: checking command to parse /usr/bin/nm -B output from gcc object
configure:6250: gcc -c -g -O2  conftest.c >&5
configure:6253: $? = 0
configure:6257: /usr/bin/nm -B conftest.o \| sed -n -e 's/^.*[ ]\([ABCDGIRSTW][ABCDGIRSTW]*\)[ ][ ]*\([_A-Za-z][_A-Za-z0-9]*\)$/\1 \2 \2/p' | sed '/ __gnu_lto/d' \> conftest.nm
configure:6260: $? = 0
configure:6326: gcc -o conftest -g -O2   conftest.c conftstm.o >&5
configure:6329: $? = 0
configure:6367: result: ok
configure:6414: checking for sysroot
configure:6444: result: no
configure:6451: checking for a working dd
configure:6489: result: /bin/dd
configure:6493: checking how to truncate binary pipes
configure:6508: result: /bin/dd bs=4096 count=1
configure:6837: checking for mt
configure:6853: found /bin/mt
configure:6864: result: mt
configure:6887: checking if mt is a manifest tool
configure:6893: mt '-?'
configure:6901: result: no
configure:7578: checking how to run the C preprocessor
configure:7609: gcc -E  conftest.c
configure:7609: $? = 0
configure:7623: gcc -E  conftest.c
conftest.c:11:28: fatal error: ac_nonexistent.h: No such file or directory
 #include <ac_nonexistent.h>
                            ^
compilation terminated.
configure:7623: $? = 1
configure: failed program was:
| /* confdefs.h */
| #define PACKAGE_NAME "daq"
| #define PACKAGE_TARNAME "daq"
| #define PACKAGE_VERSION "2.0.6"
| #define PACKAGE_STRING "daq 2.0.6"
| #define PACKAGE_BUGREPORT "snort-team@sourcefire.com"
| #define PACKAGE_URL ""
| #define PACKAGE "daq"
| #define VERSION "2.0.6"
| /* end confdefs.h.  */
| #include <ac_nonexistent.h>
configure:7648: result: gcc -E
configure:7668: gcc -E  conftest.c
configure:7668: $? = 0
configure:7682: gcc -E  conftest.c
conftest.c:11:28: fatal error: ac_nonexistent.h: No such file or directory
 #include <ac_nonexistent.h>
                            ^
compilation terminated.
configure:7682: $? = 1
configure: failed program was:
| /* confdefs.h */
| #define PACKAGE_NAME "daq"
| #define PACKAGE_TARNAME "daq"
| #define PACKAGE_VERSION "2.0.6"
| #define PACKAGE_STRING "daq 2.0.6"
| #define PACKAGE_BUGREPORT "snort-team@sourcefire.com"
| #define PACKAGE_URL ""
| #define PACKAGE "daq"
| #define VERSION "2.0.6"
| /* end confdefs.h.  */
| #include <ac_nonexistent.h>
configure:7711: checking for ANSI C header files
configure:7731: gcc -c -g -O2  conftest.c >&5
configure:7731: $? = 0
configure:7804: gcc -o conftest -g -O2   conftest.c  >&5
configure:7804: $? = 0
configure:7804: ./conftest
configure:7804: $? = 0
configure:7815: result: yes
configure:7828: checking for sys/types.h
configure:7828: gcc -c -g -O2  conftest.c >&5
configure:7828: $? = 0
configure:7828: result: yes
configure:7828: checking for sys/stat.h
configure:7828: gcc -c -g -O2  conftest.c >&5
configure:7828: $? = 0
configure:7828: result: yes
configure:7828: checking for stdlib.h
configure:7828: gcc -c -g -O2  conftest.c >&5
configure:7828: $? = 0
configure:7828: result: yes
configure:7828: checking for string.h
configure:7828: gcc -c -g -O2  conftest.c >&5
configure:7828: $? = 0
configure:7828: result: yes
configure:7828: checking for memory.h
configure:7828: gcc -c -g -O2  conftest.c >&5
configure:7828: $? = 0
configure:7828: result: yes
configure:7828: checking for strings.h
configure:7828: gcc -c -g -O2  conftest.c >&5
configure:7828: $? = 0
configure:7828: result: yes
configure:7828: checking for inttypes.h
configure:7828: gcc -c -g -O2  conftest.c >&5
configure:7828: $? = 0
configure:7828: result: yes
configure:7828: checking for stdint.h
configure:7828: gcc -c -g -O2  conftest.c >&5
configure:7828: $? = 0
configure:7828: result: yes
configure:7828: checking for unistd.h
configure:7828: gcc -c -g -O2  conftest.c >&5
configure:7828: $? = 0
configure:7828: result: yes
configure:7842: checking for dlfcn.h
configure:7842: gcc -c -g -O2  conftest.c >&5
configure:7842: $? = 0
configure:7842: result: yes
configure:8098: checking for objdir
configure:8113: result: .libs
configure:8377: checking if gcc supports -fno-rtti -fno-exceptions
configure:8395: gcc -c -g -O2  -fno-rtti -fno-exceptions conftest.c >&5
cc1: warning: command line option '-fno-rtti' is valid for C++/ObjC++ but not for C
configure:8399: $? = 0
configure:8412: result: no
configure:8770: checking for gcc option to produce PIC
configure:8777: result: -fPIC -DPIC
configure:8785: checking if gcc PIC flag -fPIC -DPIC works
configure:8803: gcc -c -g -O2  -fPIC -DPIC -DPIC conftest.c >&5
configure:8807: $? = 0
configure:8820: result: yes
configure:8849: checking if gcc static flag -static works
configure:8877: result: yes
configure:8892: checking if gcc supports -c -o file.o
configure:8913: gcc -c -g -O2  -o out/conftest2.o conftest.c >&5
configure:8917: $? = 0
configure:8939: result: yes
configure:8947: checking if gcc supports -c -o file.o
configure:8994: result: yes
configure:9027: checking whether the gcc linker (/usr/bin/ld) supports shared libraries
configure:10286: result: yes
configure:10323: checking whether -lc should be explicitly linked in
configure:10331: gcc -c -g -O2  conftest.c >&5
configure:10334: $? = 0
configure:10349: gcc -shared  -fPIC -DPIC conftest.o  -v -Wl,-soname -Wl,conftest -o conftest 2\>\&1 \| /bin/grep  -lc  \>/dev/null 2\>\&1
configure:10352: $? = 0
configure:10366: result: no
configure:10526: checking dynamic linker characteristics
configure:11107: gcc -o conftest -g -O2   -Wl,-rpath -Wl,/foo conftest.c  >&5
configure:11107: $? = 0
configure:11344: result: GNU/Linux ld.so
configure:11466: checking how to hardcode library paths into programs
configure:11491: result: immediate
configure:12039: checking whether stripping libraries is possible
configure:12044: result: yes
configure:12079: checking if libtool supports shared libraries
configure:12081: result: yes
configure:12084: checking whether to build shared libraries
configure:12109: result: yes
configure:12112: checking whether to build static libraries
configure:12116: result: yes
configure:12157: checking for visibility support
configure:12182: gcc -c -g -O2 -Werror -fvisibility=hidden  conftest.c >&5
configure:12182: $? = 0
configure:12191: result: yes
configure:12222: checking CFLAGS for gcc -Wall
configure:12249: gcc -c -g -O2 -fvisibility=hidden -pedantic -Werror  -Wall  conftest.c >&5
configure:12249: $? = 0
configure:12263: result: -Wall
configure:12276: : CFLAGS="$CFLAGS $var"
configure:12279: $? = 0
configure:12286: checking CFLAGS for gcc -Wwrite-strings
configure:12313: gcc -c -g -O2 -fvisibility=hidden -Wall -pedantic -Werror  -Wwrite-strings  conftest.c >&5
configure:12313: $? = 0
configure:12327: result: -Wwrite-strings
configure:12340: : CFLAGS="$CFLAGS $var"
configure:12343: $? = 0
configure:12350: checking CFLAGS for gcc -Wsign-compare
configure:12377: gcc -c -g -O2 -fvisibility=hidden -Wall -Wwrite-strings -pedantic -Werror  -Wsign-compare  conftest.c >&5
configure:12377: $? = 0
configure:12391: result: -Wsign-compare
configure:12404: : CFLAGS="$CFLAGS $var"
configure:12407: $? = 0
configure:12414: checking CFLAGS for gcc -Wcast-align
configure:12441: gcc -c -g -O2 -fvisibility=hidden -Wall -Wwrite-strings -Wsign-compare -pedantic -Werror  -Wcast-align  conftest.c >&5
configure:12441: $? = 0
configure:12455: result: -Wcast-align
configure:12468: : CFLAGS="$CFLAGS $var"
configure:12471: $? = 0
configure:12478: checking CFLAGS for gcc -Wextra
configure:12505: gcc -c -g -O2 -fvisibility=hidden -Wall -Wwrite-strings -Wsign-compare -Wcast-align -pedantic -Werror  -Wextra  conftest.c >&5
configure:12505: $? = 0
configure:12519: result: -Wextra
configure:12532: : CFLAGS="$CFLAGS $var"
configure:12535: $? = 0
configure:12542: checking CFLAGS for gcc -Wformat
configure:12569: gcc -c -g -O2 -fvisibility=hidden -Wall -Wwrite-strings -Wsign-compare -Wcast-align -Wextra -pedantic -Werror  -Wformat  conftest.c >&5
configure:12569: $? = 0
configure:12583: result: -Wformat
configure:12596: : CFLAGS="$CFLAGS $var"
configure:12599: $? = 0
configure:12606: checking CFLAGS for gcc -Wformat-security
configure:12633: gcc -c -g -O2 -fvisibility=hidden -Wall -Wwrite-strings -Wsign-compare -Wcast-align -Wextra -Wformat -pedantic -Werror  -Wformat-security  conftest.c >&5
configure:12633: $? = 0
configure:12647: result: -Wformat-security
configure:12660: : CFLAGS="$CFLAGS $var"
configure:12663: $? = 0
configure:12670: checking CFLAGS for gcc -Wno-unused-parameter
configure:12697: gcc -c -g -O2 -fvisibility=hidden -Wall -Wwrite-strings -Wsign-compare -Wcast-align -Wextra -Wformat -Wformat-security -pedantic -Werror  -Wno-unused-parameter  conftest.c >&5
configure:12697: $? = 0
configure:12711: result: -Wno-unused-parameter
configure:12724: : CFLAGS="$CFLAGS $var"
configure:12727: $? = 0
configure:12734: checking CFLAGS for gcc -fno-strict-aliasing
configure:12761: gcc -c -g -O2 -fvisibility=hidden -Wall -Wwrite-strings -Wsign-compare -Wcast-align -Wextra -Wformat -Wformat-security -Wno-unused-parameter -pedantic -Werror  -fno-strict-aliasing  conftest.c >&5
configure:12761: $? = 0
configure:12775: result: -fno-strict-aliasing
configure:12788: : CFLAGS="$CFLAGS $var"
configure:12791: $? = 0
configure:12798: checking CFLAGS for gcc -fdiagnostics-show-option
configure:12825: gcc -c -g -O2 -fvisibility=hidden -Wall -Wwrite-strings -Wsign-compare -Wcast-align -Wextra -Wformat -Wformat-security -Wno-unused-parameter -fno-strict-aliasing -pedantic -Werror  -fdiagnostics-show-option  conftest.c >&5
configure:12825: $? = 0
configure:12839: result: -fdiagnostics-show-option
configure:12852: : CFLAGS="$CFLAGS $var"
configure:12855: $? = 0
configure:12862: checking CFLAGS for gcc -pedantic -std=c99 -D_GNU_SOURCE
configure:12889: gcc -c -g -O2 -fvisibility=hidden -Wall -Wwrite-strings -Wsign-compare -Wcast-align -Wextra -Wformat -Wformat-security -Wno-unused-parameter -fno-strict-aliasing -fdiagnostics-show-option -pedantic -Werror  -pedantic -std=c99 -D_GNU_SOURCE  conftest.c >&5
configure:12889: $? = 0
configure:12903: result: -pedantic -std=c99 -D_GNU_SOURCE
configure:12916: : CFLAGS="$CFLAGS $var"
configure:12919: $? = 0
configure:12938: checking for getaddrinfo
configure:12938: gcc -o conftest -g -O2 -fvisibility=hidden -Wall -Wwrite-strings -Wsign-compare -Wcast-align -Wextra -Wformat -Wformat-security -Wno-unused-parameter -fno-strict-aliasing -fdiagnostics-show-option -pedantic -std=c99 -D_GNU_SOURCE   conftest.c  >&5
configure:12938: $? = 0
configure:12938: result: yes
configure:12978: checking for flex
configure:12994: found /usr/bin/flex
configure:13005: result: flex
configure:13020: checking for flex 2.4 or higher
configure:13032: result: yes
configure:13048: checking for bison
configure:13064: found /usr/bin/bison
configure:13075: result: bison
configure:13227: checking linux/if_ether.h usability
configure:13227: gcc -c -g -O2 -fvisibility=hidden -Wall -Wwrite-strings -Wsign-compare -Wcast-align -Wextra -Wformat -Wformat-security -Wno-unused-parameter -fno-strict-aliasing -fdiagnostics-show-option -pedantic -std=c99 -D_GNU_SOURCE  -I/usr/local/include conftest.c >&5
configure:13227: $? = 0
configure:13227: result: yes
configure:13227: checking linux/if_ether.h presence
configure:13227: gcc -E  -I/usr/local/include conftest.c
configure:13227: $? = 0
configure:13227: result: yes
configure:13227: checking for linux/if_ether.h
configure:13227: result: yes
configure:13227: checking linux/if_packet.h usability
configure:13227: gcc -c -g -O2 -fvisibility=hidden -Wall -Wwrite-strings -Wsign-compare -Wcast-align -Wextra -Wformat -Wformat-security -Wno-unused-parameter -fno-strict-aliasing -fdiagnostics-show-option -pedantic -std=c99 -D_GNU_SOURCE  -I/usr/local/include conftest.c >&5
configure:13227: $? = 0
configure:13227: result: yes
configure:13227: checking linux/if_packet.h presence
configure:13227: gcc -E  -I/usr/local/include conftest.c
configure:13227: $? = 0
configure:13227: result: yes
configure:13227: checking for linux/if_packet.h
configure:13227: result: yes
configure:13239: checking whether TPACKET2_HDRLEN is declared
configure:13239: gcc -c -g -O2 -fvisibility=hidden -Wall -Wwrite-strings -Wsign-compare -Wcast-align -Wextra -Wformat -Wformat-security -Wno-unused-parameter -fno-strict-aliasing -fdiagnostics-show-option -pedantic -std=c99 -D_GNU_SOURCE  -I/usr/local/include conftest.c >&5
configure:13239: $? = 0
configure:13239: result: yes
configure:13255: checking whether PACKET_TX_RING is declared
configure:13255: gcc -c -g -O2 -fvisibility=hidden -Wall -Wwrite-strings -Wsign-compare -Wcast-align -Wextra -Wformat -Wformat-security -Wno-unused-parameter -fno-strict-aliasing -fdiagnostics-show-option -pedantic -std=c99 -D_GNU_SOURCE  -I/usr/local/include conftest.c >&5
configure:13255: $? = 0
configure:13255: result: yes
configure:13294: checking pcap.h usability
configure:13294: gcc -c -g -O2 -fvisibility=hidden -Wall -Wwrite-strings -Wsign-compare -Wcast-align -Wextra -Wformat -Wformat-security -Wno-unused-parameter -fno-strict-aliasing -fdiagnostics-show-option -pedantic -std=c99 -D_GNU_SOURCE  -I/usr/local/include conftest.c >&5
configure:13294: $? = 0
configure:13294: result: yes
configure:13294: checking pcap.h presence
configure:13294: gcc -E  -I/usr/local/include conftest.c
configure:13294: $? = 0
configure:13294: result: yes
configure:13294: checking for pcap.h
configure:13294: result: yes
configure:13302: checking for pcap_lib_version in -lpcap
configure:13327: gcc -o conftest -g -O2 -fvisibility=hidden -Wall -Wwrite-strings -Wsign-compare -Wcast-align -Wextra -Wformat -Wformat-security -Wno-unused-parameter -fno-strict-aliasing -fdiagnostics-show-option -pedantic -std=c99 -D_GNU_SOURCE  -I/usr/local/include  conftest.c -lpcap   >&5
configure:13327: $? = 0
configure:13336: result: yes
configure:13394: checking netinet/in.h usability
configure:13394: gcc -c -g -O2 -fvisibility=hidden -Wall -Wwrite-strings -Wsign-compare -Wcast-align -Wextra -Wformat -Wformat-security -Wno-unused-parameter -fno-strict-aliasing -fdiagnostics-show-option -pedantic -std=c99 -D_GNU_SOURCE  -I/usr/local/include conftest.c >&5
configure:13394: $? = 0
configure:13394: result: yes
configure:13394: checking netinet/in.h presence
configure:13394: gcc -E  -I/usr/local/include conftest.c
configure:13394: $? = 0
configure:13394: result: yes
configure:13394: checking for netinet/in.h
configure:13394: result: yes
configure:13394: checking libipq.h usability
configure:13394: gcc -c -g -O2 -fvisibility=hidden -Wall -Wwrite-strings -Wsign-compare -Wcast-align -Wextra -Wformat -Wformat-security -Wno-unused-parameter -fno-strict-aliasing -fdiagnostics-show-option -pedantic -std=c99 -D_GNU_SOURCE  -I/usr/local/include conftest.c >&5
configure:13394: $? = 0
configure:13394: result: yes
configure:13394: checking libipq.h presence
configure:13394: gcc -E  -I/usr/local/include conftest.c
configure:13394: $? = 0
configure:13394: result: yes
configure:13394: checking for libipq.h
configure:13394: result: yes
configure:13406: checking for linux/netfilter.h
configure:13406: gcc -c -g -O2 -fvisibility=hidden -Wall -Wwrite-strings -Wsign-compare -Wcast-align -Wextra -Wformat -Wformat-security -Wno-unused-parameter -fno-strict-aliasing -fdiagnostics-show-option -pedantic -std=c99 -D_GNU_SOURCE  -I/usr/local/include conftest.c >&5
configure:13406: $? = 0
configure:13406: result: yes
configure:13442: checking for netinet/in.h
configure:13442: result: yes
configure:13442: checking libnetfilter_queue/libnetfilter_queue.h usability
configure:13442: gcc -c -g -O2 -fvisibility=hidden -Wall -Wwrite-strings -Wsign-compare -Wcast-align -Wextra -Wformat -Wformat-security -Wno-unused-parameter -fno-strict-aliasing -fdiagnostics-show-option -pedantic -std=c99 -D_GNU_SOURCE  -I/usr/local/include conftest.c >&5
configure:13442: $? = 0
configure:13442: result: yes
configure:13442: checking libnetfilter_queue/libnetfilter_queue.h presence
configure:13442: gcc -E  -I/usr/local/include conftest.c
configure:13442: $? = 0
configure:13442: result: yes
configure:13442: checking for libnetfilter_queue/libnetfilter_queue.h
configure:13442: result: yes
configure:13454: checking for linux/netfilter.h
configure:13454: result: yes
configure:13487: checking for pcap.h
configure:13487: result: yes
configure:13497: checking for pcap_lib_version
configure:13499: checking for pcap_lib_version in -lpcap
configure:13533: result: yes
configure:13548: checking for libpcap version >= "1.0.0"
configure:13578: gcc -o conftest -g -O2 -fvisibility=hidden -Wall -Wwrite-strings -Wsign-compare -Wcast-align -Wextra -Wformat -Wformat-security -Wno-unused-parameter -fno-strict-aliasing -fdiagnostics-show-option -pedantic -std=c99 -D_GNU_SOURCE  -I/usr/local/include  conftest.c -lpcap -lpcap  >&5
configure:13578: $? = 0
configure:13578: ./conftest
configure:13578: $? = 0
configure:13588: result: yes
configure:13623: checking for net/netmap.h
configure:13623: gcc -c -g -O2 -fvisibility=hidden -Wall -Wwrite-strings -Wsign-compare -Wcast-align -Wextra -Wformat -Wformat-security -Wno-unused-parameter -fno-strict-aliasing -fdiagnostics-show-option -pedantic -std=c99 -D_GNU_SOURCE  -I/usr/local/include conftest.c >&5
conftest.c:40:24: fatal error: net/netmap.h: No such file or directory
 #include <net/netmap.h>
                        ^
compilation terminated.
configure:13623: $? = 1
configure: failed program was:
| /* confdefs.h */
| #define PACKAGE_NAME "daq"
| #define PACKAGE_TARNAME "daq"
| #define PACKAGE_VERSION "2.0.6"
| #define PACKAGE_STRING "daq 2.0.6"
| #define PACKAGE_BUGREPORT "snort-team@sourcefire.com"
| #define PACKAGE_URL ""
| #define PACKAGE "daq"
| #define VERSION "2.0.6"
| #define STDC_HEADERS 1
| #define HAVE_SYS_TYPES_H 1
| #define HAVE_SYS_STAT_H 1
| #define HAVE_STDLIB_H 1
| #define HAVE_STRING_H 1
| #define HAVE_MEMORY_H 1
| #define HAVE_STRINGS_H 1
| #define HAVE_INTTYPES_H 1
| #define HAVE_STDINT_H 1
| #define HAVE_UNISTD_H 1
| #define HAVE_DLFCN_H 1
| #define LT_OBJDIR ".libs/"
| #define HAVE_VISIBILITY 1
| #define INET6 1
| #define HAVE_LINUX_IF_ETHER_H 1
| #define HAVE_LINUX_IF_PACKET_H 1
| #define HAVE_DECL_TPACKET2_HDRLEN 1
| #define HAVE_DECL_PACKET_TX_RING 1
| #define HAVE_LIBPCAP 1
| #define HAVE_NETINET_IN_H 1
| #define HAVE_LIBIPQ_H 1
| #define HAVE_NETINET_IN_H 1
| #define HAVE_LIBNETFILTER_QUEUE_LIBNETFILTER_QUEUE_H 1
| /* end confdefs.h.  */
| 
|                       #include <stdint.h>
|                       #include <sys/socket.h>
|                       #include <net/if.h>
| 
| 
| #include <net/netmap.h>
configure:13623: result: no
configure:13623: checking for net/netmap_user.h
configure:13623: gcc -c -g -O2 -fvisibility=hidden -Wall -Wwrite-strings -Wsign-compare -Wcast-align -Wextra -Wformat -Wformat-security -Wno-unused-parameter -fno-strict-aliasing -fdiagnostics-show-option -pedantic -std=c99 -D_GNU_SOURCE  -I/usr/local/include conftest.c >&5
conftest.c:40:29: fatal error: net/netmap_user.h: No such file or directory
 #include <net/netmap_user.h>
                             ^
compilation terminated.
configure:13623: $? = 1
configure: failed program was:
| /* confdefs.h */
| #define PACKAGE_NAME "daq"
| #define PACKAGE_TARNAME "daq"
| #define PACKAGE_VERSION "2.0.6"
| #define PACKAGE_STRING "daq 2.0.6"
| #define PACKAGE_BUGREPORT "snort-team@sourcefire.com"
| #define PACKAGE_URL ""
| #define PACKAGE "daq"
| #define VERSION "2.0.6"
| #define STDC_HEADERS 1
| #define HAVE_SYS_TYPES_H 1
| #define HAVE_SYS_STAT_H 1
| #define HAVE_STDLIB_H 1
| #define HAVE_STRING_H 1
| #define HAVE_MEMORY_H 1
| #define HAVE_STRINGS_H 1
| #define HAVE_INTTYPES_H 1
| #define HAVE_STDINT_H 1
| #define HAVE_UNISTD_H 1
| #define HAVE_DLFCN_H 1
| #define LT_OBJDIR ".libs/"
| #define HAVE_VISIBILITY 1
| #define INET6 1
| #define HAVE_LINUX_IF_ETHER_H 1
| #define HAVE_LINUX_IF_PACKET_H 1
| #define HAVE_DECL_TPACKET2_HDRLEN 1
| #define HAVE_DECL_PACKET_TX_RING 1
| #define HAVE_LIBPCAP 1
| #define HAVE_NETINET_IN_H 1
| #define HAVE_LIBIPQ_H 1
| #define HAVE_NETINET_IN_H 1
| #define HAVE_LIBNETFILTER_QUEUE_LIBNETFILTER_QUEUE_H 1
| /* end confdefs.h.  */
| 
|                       #include <stdint.h>
|                       #include <sys/socket.h>
|                       #include <net/if.h>
| 
| 
| #include <net/netmap_user.h>
configure:13623: result: no
configure:13640: checking whether NETMAP_API is declared
configure:13640: gcc -c -g -O2 -fvisibility=hidden -Wall -Wwrite-strings -Wsign-compare -Wcast-align -Wextra -Wformat -Wformat-security -Wno-unused-parameter -fno-strict-aliasing -fdiagnostics-show-option -pedantic -std=c99 -D_GNU_SOURCE  -I/usr/local/include conftest.c >&5
conftest.c:38:43: fatal error: net/netmap.h: No such file or directory
                    #include <net/netmap.h>
                                           ^
compilation terminated.
configure:13640: $? = 1
configure: failed program was:
| /* confdefs.h */
| #define PACKAGE_NAME "daq"
| #define PACKAGE_TARNAME "daq"
| #define PACKAGE_VERSION "2.0.6"
| #define PACKAGE_STRING "daq 2.0.6"
| #define PACKAGE_BUGREPORT "snort-team@sourcefire.com"
| #define PACKAGE_URL ""
| #define PACKAGE "daq"
| #define VERSION "2.0.6"
| #define STDC_HEADERS 1
| #define HAVE_SYS_TYPES_H 1
| #define HAVE_SYS_STAT_H 1
| #define HAVE_STDLIB_H 1
| #define HAVE_STRING_H 1
| #define HAVE_MEMORY_H 1
| #define HAVE_STRINGS_H 1
| #define HAVE_INTTYPES_H 1
| #define HAVE_STDINT_H 1
| #define HAVE_UNISTD_H 1
| #define HAVE_DLFCN_H 1
| #define LT_OBJDIR ".libs/"
| #define HAVE_VISIBILITY 1
| #define INET6 1
| #define HAVE_LINUX_IF_ETHER_H 1
| #define HAVE_LINUX_IF_PACKET_H 1
| #define HAVE_DECL_TPACKET2_HDRLEN 1
| #define HAVE_DECL_PACKET_TX_RING 1
| #define HAVE_LIBPCAP 1
| #define HAVE_NETINET_IN_H 1
| #define HAVE_LIBIPQ_H 1
| #define HAVE_NETINET_IN_H 1
| #define HAVE_LIBNETFILTER_QUEUE_LIBNETFILTER_QUEUE_H 1
| /* end confdefs.h.  */
| 
|                    #include <stdint.h>
|                    #include <sys/socket.h>
|                    #include <net/if.h>
|                    #include <net/netmap.h>
| 
| 
| int
| main ()
| {
| #ifndef NETMAP_API
| #ifdef __cplusplus
|   (void) NETMAP_API;
| #else
|   (void) NETMAP_API;
| #endif
| #endif
| 
|   ;
|   return 0;
| }
configure:13640: result: no
configure:13669: checking dnet.h usability
configure:13669: gcc -c -g -O2 -fvisibility=hidden -Wall -Wwrite-strings -Wsign-compare -Wcast-align -Wextra -Wformat -Wformat-security -Wno-unused-parameter -fno-strict-aliasing -fdiagnostics-show-option -pedantic -std=c99 -D_GNU_SOURCE  -I/usr/local/include conftest.c >&5
configure:13669: $? = 0
configure:13669: result: yes
configure:13669: checking dnet.h presence
configure:13669: gcc -E  -I/usr/local/include conftest.c
configure:13669: $? = 0
configure:13669: result: yes
configure:13669: checking for dnet.h
configure:13669: result: yes
configure:13683: checking dumbnet.h usability
configure:13683: gcc -c -g -O2 -fvisibility=hidden -Wall -Wwrite-strings -Wsign-compare -Wcast-align -Wextra -Wformat -Wformat-security -Wno-unused-parameter -fno-strict-aliasing -fdiagnostics-show-option -pedantic -std=c99 -D_GNU_SOURCE  -I/usr/local/include conftest.c >&5
conftest.c:68:21: fatal error: dumbnet.h: No such file or directory
 #include <dumbnet.h>
                     ^
compilation terminated.
configure:13683: $? = 1
configure: failed program was:
| /* confdefs.h */
| #define PACKAGE_NAME "daq"
| #define PACKAGE_TARNAME "daq"
| #define PACKAGE_VERSION "2.0.6"
| #define PACKAGE_STRING "daq 2.0.6"
| #define PACKAGE_BUGREPORT "snort-team@sourcefire.com"
| #define PACKAGE_URL ""
| #define PACKAGE "daq"
| #define VERSION "2.0.6"
| #define STDC_HEADERS 1
| #define HAVE_SYS_TYPES_H 1
| #define HAVE_SYS_STAT_H 1
| #define HAVE_STDLIB_H 1
| #define HAVE_STRING_H 1
| #define HAVE_MEMORY_H 1
| #define HAVE_STRINGS_H 1
| #define HAVE_INTTYPES_H 1
| #define HAVE_STDINT_H 1
| #define HAVE_UNISTD_H 1
| #define HAVE_DLFCN_H 1
| #define LT_OBJDIR ".libs/"
| #define HAVE_VISIBILITY 1
| #define INET6 1
| #define HAVE_LINUX_IF_ETHER_H 1
| #define HAVE_LINUX_IF_PACKET_H 1
| #define HAVE_DECL_TPACKET2_HDRLEN 1
| #define HAVE_DECL_PACKET_TX_RING 1
| #define HAVE_LIBPCAP 1
| #define HAVE_NETINET_IN_H 1
| #define HAVE_LIBIPQ_H 1
| #define HAVE_NETINET_IN_H 1
| #define HAVE_LIBNETFILTER_QUEUE_LIBNETFILTER_QUEUE_H 1
| #define HAVE_DNET_H 1
| /* end confdefs.h.  */
| #include <stdio.h>
| #ifdef HAVE_SYS_TYPES_H
| # include <sys/types.h>
| #endif
| #ifdef HAVE_SYS_STAT_H
| # include <sys/stat.h>
| #endif
| #ifdef STDC_HEADERS
| # include <stdlib.h>
| # include <stddef.h>
| #else
| # ifdef HAVE_STDLIB_H
| #  include <stdlib.h>
| # endif
| #endif
| #ifdef HAVE_STRING_H
| # if !defined STDC_HEADERS && defined HAVE_MEMORY_H
| #  include <memory.h>
| # endif
| # include <string.h>
| #endif
| #ifdef HAVE_STRINGS_H
| # include <strings.h>
| #endif
| #ifdef HAVE_INTTYPES_H
| # include <inttypes.h>
| #endif
| #ifdef HAVE_STDINT_H
| # include <stdint.h>
| #endif
| #ifdef HAVE_UNISTD_H
| # include <unistd.h>
| #endif
| #include <dumbnet.h>
configure:13683: result: no
configure:13683: checking dumbnet.h presence
configure:13683: gcc -E  -I/usr/local/include conftest.c
conftest.c:35:21: fatal error: dumbnet.h: No such file or directory
 #include <dumbnet.h>
                     ^
compilation terminated.
configure:13683: $? = 1
configure: failed program was:
| /* confdefs.h */
| #define PACKAGE_NAME "daq"
| #define PACKAGE_TARNAME "daq"
| #define PACKAGE_VERSION "2.0.6"
| #define PACKAGE_STRING "daq 2.0.6"
| #define PACKAGE_BUGREPORT "snort-team@sourcefire.com"
| #define PACKAGE_URL ""
| #define PACKAGE "daq"
| #define VERSION "2.0.6"
| #define STDC_HEADERS 1
| #define HAVE_SYS_TYPES_H 1
| #define HAVE_SYS_STAT_H 1
| #define HAVE_STDLIB_H 1
| #define HAVE_STRING_H 1
| #define HAVE_MEMORY_H 1
| #define HAVE_STRINGS_H 1
| #define HAVE_INTTYPES_H 1
| #define HAVE_STDINT_H 1
| #define HAVE_UNISTD_H 1
| #define HAVE_DLFCN_H 1
| #define LT_OBJDIR ".libs/"
| #define HAVE_VISIBILITY 1
| #define INET6 1
| #define HAVE_LINUX_IF_ETHER_H 1
| #define HAVE_LINUX_IF_PACKET_H 1
| #define HAVE_DECL_TPACKET2_HDRLEN 1
| #define HAVE_DECL_PACKET_TX_RING 1
| #define HAVE_LIBPCAP 1
| #define HAVE_NETINET_IN_H 1
| #define HAVE_LIBIPQ_H 1
| #define HAVE_NETINET_IN_H 1
| #define HAVE_LIBNETFILTER_QUEUE_LIBNETFILTER_QUEUE_H 1
| #define HAVE_DNET_H 1
| /* end confdefs.h.  */
| #include <dumbnet.h>
configure:13683: result: no
configure:13683: checking for dumbnet.h
configure:13683: result: no
configure:13706: checking for eth_set in -ldnet
configure:13731: gcc -o conftest -g -O2 -fvisibility=hidden -Wall -Wwrite-strings -Wsign-compare -Wcast-align -Wextra -Wformat -Wformat-security -Wno-unused-parameter -fno-strict-aliasing -fdiagnostics-show-option -pedantic -std=c99 -D_GNU_SOURCE  -I/usr/local/include  conftest.c -ldnet  -L/usr/local/lib -ldnet -lpcap -lpcap  >&5
configure:13731: $? = 0
configure:13740: result: yes
configure:13753: checking for eth_set in -ldumbnet
configure:13778: gcc -o conftest -g -O2 -fvisibility=hidden -Wall -Wwrite-strings -Wsign-compare -Wcast-align -Wextra -Wformat -Wformat-security -Wno-unused-parameter -fno-strict-aliasing -fdiagnostics-show-option -pedantic -std=c99 -D_GNU_SOURCE  -I/usr/local/include  conftest.c -ldumbnet  -L/usr/local/lib -ldnet -ldnet -lpcap -lpcap  >&5
/usr/bin/ld: cannot find -ldumbnet
collect2: error: ld returned 1 exit status
configure:13778: $? = 1
configure: failed program was:
| /* confdefs.h */
| #define PACKAGE_NAME "daq"
| #define PACKAGE_TARNAME "daq"
| #define PACKAGE_VERSION "2.0.6"
| #define PACKAGE_STRING "daq 2.0.6"
| #define PACKAGE_BUGREPORT "snort-team@sourcefire.com"
| #define PACKAGE_URL ""
| #define PACKAGE "daq"
| #define VERSION "2.0.6"
| #define STDC_HEADERS 1
| #define HAVE_SYS_TYPES_H 1
| #define HAVE_SYS_STAT_H 1
| #define HAVE_STDLIB_H 1
| #define HAVE_STRING_H 1
| #define HAVE_MEMORY_H 1
| #define HAVE_STRINGS_H 1
| #define HAVE_INTTYPES_H 1
| #define HAVE_STDINT_H 1
| #define HAVE_UNISTD_H 1
| #define HAVE_DLFCN_H 1
| #define LT_OBJDIR ".libs/"
| #define HAVE_VISIBILITY 1
| #define INET6 1
| #define HAVE_LINUX_IF_ETHER_H 1
| #define HAVE_LINUX_IF_PACKET_H 1
| #define HAVE_DECL_TPACKET2_HDRLEN 1
| #define HAVE_DECL_PACKET_TX_RING 1
| #define HAVE_LIBPCAP 1
| #define HAVE_NETINET_IN_H 1
| #define HAVE_LIBIPQ_H 1
| #define HAVE_NETINET_IN_H 1
| #define HAVE_LIBNETFILTER_QUEUE_LIBNETFILTER_QUEUE_H 1
| #define HAVE_DNET_H 1
| #define HAVE_LIBDNET 1
| /* end confdefs.h.  */
| 
| /* Override any GCC internal prototype to avoid an error.
|    Use char because int might match the return type of a GCC
|    builtin and then its argument prototype would still apply.  */
| #ifdef __cplusplus
| extern "C"
| #endif
| char eth_set ();
| int
| main ()
| {
| return eth_set ();
|   ;
|   return 0;
| }
configure:13787: result: no
configure:13840: checking for dlopen in -ldl
configure:13865: gcc -o conftest -g -O2 -fvisibility=hidden -Wall -Wwrite-strings -Wsign-compare -Wcast-align -Wextra -Wformat -Wformat-security -Wno-unused-parameter -fno-strict-aliasing -fdiagnostics-show-option -pedantic -std=c99 -D_GNU_SOURCE  -I/usr/local/include  conftest.c -ldl   >&5
configure:13865: $? = 0
configure:13874: result: yes
configure:13894: checking for inttypes.h
configure:13894: result: yes
configure:13894: checking for memory.h
configure:13894: result: yes
configure:13894: checking netdb.h usability
configure:13894: gcc -c -g -O2 -fvisibility=hidden -Wall -Wwrite-strings -Wsign-compare -Wcast-align -Wextra -Wformat -Wformat-security -Wno-unused-parameter -fno-strict-aliasing -fdiagnostics-show-option -pedantic -std=c99 -D_GNU_SOURCE  -I/usr/local/include conftest.c >&5
configure:13894: $? = 0
configure:13894: result: yes
configure:13894: checking netdb.h presence
configure:13894: gcc -E  -I/usr/local/include conftest.c
configure:13894: $? = 0
configure:13894: result: yes
configure:13894: checking for netdb.h
configure:13894: result: yes
configure:13894: checking for netinet/in.h
configure:13894: result: yes
configure:13894: checking for stdint.h
configure:13894: result: yes
configure:13894: checking for stdlib.h
configure:13894: result: yes
configure:13894: checking for string.h
configure:13894: result: yes
configure:13894: checking sys/ioctl.h usability
configure:13894: gcc -c -g -O2 -fvisibility=hidden -Wall -Wwrite-strings -Wsign-compare -Wcast-align -Wextra -Wformat -Wformat-security -Wno-unused-parameter -fno-strict-aliasing -fdiagnostics-show-option -pedantic -std=c99 -D_GNU_SOURCE  -I/usr/local/include conftest.c >&5
configure:13894: $? = 0
configure:13894: result: yes
configure:13894: checking sys/ioctl.h presence
configure:13894: gcc -E  -I/usr/local/include conftest.c
configure:13894: $? = 0
configure:13894: result: yes
configure:13894: checking for sys/ioctl.h
configure:13894: result: yes
configure:13894: checking sys/param.h usability
configure:13894: gcc -c -g -O2 -fvisibility=hidden -Wall -Wwrite-strings -Wsign-compare -Wcast-align -Wextra -Wformat -Wformat-security -Wno-unused-parameter -fno-strict-aliasing -fdiagnostics-show-option -pedantic -std=c99 -D_GNU_SOURCE  -I/usr/local/include conftest.c >&5
configure:13894: $? = 0
configure:13894: result: yes
configure:13894: checking sys/param.h presence
configure:13894: gcc -E  -I/usr/local/include conftest.c
configure:13894: $? = 0
configure:13894: result: yes
configure:13894: checking for sys/param.h
configure:13894: result: yes
configure:13894: checking sys/socket.h usability
configure:13894: gcc -c -g -O2 -fvisibility=hidden -Wall -Wwrite-strings -Wsign-compare -Wcast-align -Wextra -Wformat -Wformat-security -Wno-unused-parameter -fno-strict-aliasing -fdiagnostics-show-option -pedantic -std=c99 -D_GNU_SOURCE  -I/usr/local/include conftest.c >&5
configure:13894: $? = 0
configure:13894: result: yes
configure:13894: checking sys/socket.h presence
configure:13894: gcc -E  -I/usr/local/include conftest.c
configure:13894: $? = 0
configure:13894: result: yes
configure:13894: checking for sys/socket.h
configure:13894: result: yes
configure:13894: checking sys/time.h usability
configure:13894: gcc -c -g -O2 -fvisibility=hidden -Wall -Wwrite-strings -Wsign-compare -Wcast-align -Wextra -Wformat -Wformat-security -Wno-unused-parameter -fno-strict-aliasing -fdiagnostics-show-option -pedantic -std=c99 -D_GNU_SOURCE  -I/usr/local/include conftest.c >&5
configure:13894: $? = 0
configure:13894: result: yes
configure:13894: checking sys/time.h presence
configure:13894: gcc -E  -I/usr/local/include conftest.c
configure:13894: $? = 0
configure:13894: result: yes
configure:13894: checking for sys/time.h
configure:13894: result: yes
configure:13894: checking for unistd.h
configure:13894: result: yes
configure:13906: checking for inline
configure:13922: gcc -c -g -O2 -fvisibility=hidden -Wall -Wwrite-strings -Wsign-compare -Wcast-align -Wextra -Wformat -Wformat-security -Wno-unused-parameter -fno-strict-aliasing -fdiagnostics-show-option -pedantic -std=c99 -D_GNU_SOURCE  -I/usr/local/include conftest.c >&5
configure:13922: $? = 0
configure:13930: result: inline
configure:13948: checking for size_t
configure:13948: gcc -c -g -O2 -fvisibility=hidden -Wall -Wwrite-strings -Wsign-compare -Wcast-align -Wextra -Wformat -Wformat-security -Wno-unused-parameter -fno-strict-aliasing -fdiagnostics-show-option -pedantic -std=c99 -D_GNU_SOURCE  -I/usr/local/include conftest.c >&5
configure:13948: $? = 0
configure:13948: gcc -c -g -O2 -fvisibility=hidden -Wall -Wwrite-strings -Wsign-compare -Wcast-align -Wextra -Wformat -Wformat-security -Wno-unused-parameter -fno-strict-aliasing -fdiagnostics-show-option -pedantic -std=c99 -D_GNU_SOURCE  -I/usr/local/include conftest.c >&5
conftest.c: In function 'main':
conftest.c:84:21: error: expected expression before ')' token
 if (sizeof ((size_t)))
                     ^
configure:13948: $? = 1
configure: failed program was:
| /* confdefs.h */
| #define PACKAGE_NAME "daq"
| #define PACKAGE_TARNAME "daq"
| #define PACKAGE_VERSION "2.0.6"
| #define PACKAGE_STRING "daq 2.0.6"
| #define PACKAGE_BUGREPORT "snort-team@sourcefire.com"
| #define PACKAGE_URL ""
| #define PACKAGE "daq"
| #define VERSION "2.0.6"
| #define STDC_HEADERS 1
| #define HAVE_SYS_TYPES_H 1
| #define HAVE_SYS_STAT_H 1
| #define HAVE_STDLIB_H 1
| #define HAVE_STRING_H 1
| #define HAVE_MEMORY_H 1
| #define HAVE_STRINGS_H 1
| #define HAVE_INTTYPES_H 1
| #define HAVE_STDINT_H 1
| #define HAVE_UNISTD_H 1
| #define HAVE_DLFCN_H 1
| #define LT_OBJDIR ".libs/"
| #define HAVE_VISIBILITY 1
| #define INET6 1
| #define HAVE_LINUX_IF_ETHER_H 1
| #define HAVE_LINUX_IF_PACKET_H 1
| #define HAVE_DECL_TPACKET2_HDRLEN 1
| #define HAVE_DECL_PACKET_TX_RING 1
| #define HAVE_LIBPCAP 1
| #define HAVE_NETINET_IN_H 1
| #define HAVE_LIBIPQ_H 1
| #define HAVE_NETINET_IN_H 1
| #define HAVE_LIBNETFILTER_QUEUE_LIBNETFILTER_QUEUE_H 1
| #define HAVE_DNET_H 1
| #define HAVE_LIBDNET 1
| #define HAVE_INTTYPES_H 1
| #define HAVE_MEMORY_H 1
| #define HAVE_NETDB_H 1
| #define HAVE_NETINET_IN_H 1
| #define HAVE_STDINT_H 1
| #define HAVE_STDLIB_H 1
| #define HAVE_STRING_H 1
| #define HAVE_SYS_IOCTL_H 1
| #define HAVE_SYS_PARAM_H 1
| #define HAVE_SYS_SOCKET_H 1
| #define HAVE_SYS_TIME_H 1
| #define HAVE_UNISTD_H 1
| /* end confdefs.h.  */
| #include <stdio.h>
| #ifdef HAVE_SYS_TYPES_H
| # include <sys/types.h>
| #endif
| #ifdef HAVE_SYS_STAT_H
| # include <sys/stat.h>
| #endif
| #ifdef STDC_HEADERS
| # include <stdlib.h>
| # include <stddef.h>
| #else
| # ifdef HAVE_STDLIB_H
| #  include <stdlib.h>
| # endif
| #endif
| #ifdef HAVE_STRING_H
| # if !defined STDC_HEADERS && defined HAVE_MEMORY_H
| #  include <memory.h>
| # endif
| # include <string.h>
| #endif
| #ifdef HAVE_STRINGS_H
| # include <strings.h>
| #endif
| #ifdef HAVE_INTTYPES_H
| # include <inttypes.h>
| #endif
| #ifdef HAVE_STDINT_H
| # include <stdint.h>
| #endif
| #ifdef HAVE_UNISTD_H
| # include <unistd.h>
| #endif
| int
| main ()
| {
| if (sizeof ((size_t)))
| 	    return 0;
|   ;
|   return 0;
| }
configure:13948: result: yes
configure:13959: checking for uint16_t
configure:13959: gcc -c -g -O2 -fvisibility=hidden -Wall -Wwrite-strings -Wsign-compare -Wcast-align -Wextra -Wformat -Wformat-security -Wno-unused-parameter -fno-strict-aliasing -fdiagnostics-show-option -pedantic -std=c99 -D_GNU_SOURCE  -I/usr/local/include conftest.c >&5
configure:13959: $? = 0
configure:13959: result: yes
configure:13971: checking for uint32_t
configure:13971: gcc -c -g -O2 -fvisibility=hidden -Wall -Wwrite-strings -Wsign-compare -Wcast-align -Wextra -Wformat -Wformat-security -Wno-unused-parameter -fno-strict-aliasing -fdiagnostics-show-option -pedantic -std=c99 -D_GNU_SOURCE  -I/usr/local/include conftest.c >&5
configure:13971: $? = 0
configure:13971: result: yes
configure:13985: checking for uint64_t
configure:13985: gcc -c -g -O2 -fvisibility=hidden -Wall -Wwrite-strings -Wsign-compare -Wcast-align -Wextra -Wformat -Wformat-security -Wno-unused-parameter -fno-strict-aliasing -fdiagnostics-show-option -pedantic -std=c99 -D_GNU_SOURCE  -I/usr/local/include conftest.c >&5
configure:13985: $? = 0
configure:13985: result: yes
configure:13999: checking for uint8_t
configure:13999: gcc -c -g -O2 -fvisibility=hidden -Wall -Wwrite-strings -Wsign-compare -Wcast-align -Wextra -Wformat -Wformat-security -Wno-unused-parameter -fno-strict-aliasing -fdiagnostics-show-option -pedantic -std=c99 -D_GNU_SOURCE  -I/usr/local/include conftest.c >&5
configure:13999: $? = 0
configure:13999: result: yes
configure:14017: checking for stdlib.h
configure:14017: result: yes
configure:14027: checking for GNU libc compatible malloc
configure:14051: gcc -o conftest -g -O2 -fvisibility=hidden -Wall -Wwrite-strings -Wsign-compare -Wcast-align -Wextra -Wformat -Wformat-security -Wno-unused-parameter -fno-strict-aliasing -fdiagnostics-show-option -pedantic -std=c99 -D_GNU_SOURCE  -I/usr/local/include  conftest.c  >&5
configure:14051: $? = 0
configure:14051: ./conftest
configure:14051: $? = 0
configure:14061: result: yes
configure:14088: checking for stdlib.h
configure:14088: result: yes
configure:14088: checking for unistd.h
configure:14088: result: yes
configure:14088: checking for sys/param.h
configure:14088: result: yes
configure:14108: checking for getpagesize
configure:14108: gcc -o conftest -g -O2 -fvisibility=hidden -Wall -Wwrite-strings -Wsign-compare -Wcast-align -Wextra -Wformat -Wformat-security -Wno-unused-parameter -fno-strict-aliasing -fdiagnostics-show-option -pedantic -std=c99 -D_GNU_SOURCE  -I/usr/local/include  conftest.c  >&5
configure:14108: $? = 0
configure:14108: result: yes
configure:14117: checking for working mmap
configure:14264: gcc -o conftest -g -O2 -fvisibility=hidden -Wall -Wwrite-strings -Wsign-compare -Wcast-align -Wextra -Wformat -Wformat-security -Wno-unused-parameter -fno-strict-aliasing -fdiagnostics-show-option -pedantic -std=c99 -D_GNU_SOURCE  -I/usr/local/include  conftest.c  >&5
configure:14264: $? = 0
configure:14264: ./conftest
configure:14264: $? = 0
configure:14274: result: yes
configure:14286: checking for gethostbyname
configure:14286: gcc -o conftest -g -O2 -fvisibility=hidden -Wall -Wwrite-strings -Wsign-compare -Wcast-align -Wextra -Wformat -Wformat-security -Wno-unused-parameter -fno-strict-aliasing -fdiagnostics-show-option -pedantic -std=c99 -D_GNU_SOURCE  -I/usr/local/include  conftest.c  >&5
configure:14286: $? = 0
configure:14286: result: yes
configure:14286: checking for getpagesize
configure:14286: result: yes
configure:14286: checking for memset
configure:14286: gcc -o conftest -g -O2 -fvisibility=hidden -Wall -Wwrite-strings -Wsign-compare -Wcast-align -Wextra -Wformat -Wformat-security -Wno-unused-parameter -fno-strict-aliasing -fdiagnostics-show-option -pedantic -std=c99 -D_GNU_SOURCE  -I/usr/local/include  conftest.c  >&5
conftest.c:80:6: warning: conflicting types for built-in function 'memset'
 char memset ();
      ^
configure:14286: $? = 0
configure:14286: result: yes
configure:14286: checking for munmap
configure:14286: gcc -o conftest -g -O2 -fvisibility=hidden -Wall -Wwrite-strings -Wsign-compare -Wcast-align -Wextra -Wformat -Wformat-security -Wno-unused-parameter -fno-strict-aliasing -fdiagnostics-show-option -pedantic -std=c99 -D_GNU_SOURCE  -I/usr/local/include  conftest.c  >&5
configure:14286: $? = 0
configure:14286: result: yes
configure:14286: checking for socket
configure:14286: gcc -o conftest -g -O2 -fvisibility=hidden -Wall -Wwrite-strings -Wsign-compare -Wcast-align -Wextra -Wformat -Wformat-security -Wno-unused-parameter -fno-strict-aliasing -fdiagnostics-show-option -pedantic -std=c99 -D_GNU_SOURCE  -I/usr/local/include  conftest.c  >&5
configure:14286: $? = 0
configure:14286: result: yes
configure:14286: checking for strchr
configure:14286: gcc -o conftest -g -O2 -fvisibility=hidden -Wall -Wwrite-strings -Wsign-compare -Wcast-align -Wextra -Wformat -Wformat-security -Wno-unused-parameter -fno-strict-aliasing -fdiagnostics-show-option -pedantic -std=c99 -D_GNU_SOURCE  -I/usr/local/include  conftest.c  >&5
conftest.c:83:6: warning: conflicting types for built-in function 'strchr'
 char strchr ();
      ^
configure:14286: $? = 0
configure:14286: result: yes
configure:14286: checking for strcspn
configure:14286: gcc -o conftest -g -O2 -fvisibility=hidden -Wall -Wwrite-strings -Wsign-compare -Wcast-align -Wextra -Wformat -Wformat-security -Wno-unused-parameter -fno-strict-aliasing -fdiagnostics-show-option -pedantic -std=c99 -D_GNU_SOURCE  -I/usr/local/include  conftest.c  >&5
conftest.c:84:6: warning: conflicting types for built-in function 'strcspn'
 char strcspn ();
      ^
configure:14286: $? = 0
configure:14286: result: yes
configure:14286: checking for strdup
configure:14286: gcc -o conftest -g -O2 -fvisibility=hidden -Wall -Wwrite-strings -Wsign-compare -Wcast-align -Wextra -Wformat -Wformat-security -Wno-unused-parameter -fno-strict-aliasing -fdiagnostics-show-option -pedantic -std=c99 -D_GNU_SOURCE  -I/usr/local/include  conftest.c  >&5
configure:14286: $? = 0
configure:14286: result: yes
configure:14286: checking for strerror
configure:14286: gcc -o conftest -g -O2 -fvisibility=hidden -Wall -Wwrite-strings -Wsign-compare -Wcast-align -Wextra -Wformat -Wformat-security -Wno-unused-parameter -fno-strict-aliasing -fdiagnostics-show-option -pedantic -std=c99 -D_GNU_SOURCE  -I/usr/local/include  conftest.c  >&5
configure:14286: $? = 0
configure:14286: result: yes
configure:14286: checking for strrchr
configure:14286: gcc -o conftest -g -O2 -fvisibility=hidden -Wall -Wwrite-strings -Wsign-compare -Wcast-align -Wextra -Wformat -Wformat-security -Wno-unused-parameter -fno-strict-aliasing -fdiagnostics-show-option -pedantic -std=c99 -D_GNU_SOURCE  -I/usr/local/include  conftest.c  >&5
conftest.c:87:6: warning: conflicting types for built-in function 'strrchr'
 char strrchr ();
      ^
configure:14286: $? = 0
configure:14286: result: yes
configure:14286: checking for strstr
configure:14286: gcc -o conftest -g -O2 -fvisibility=hidden -Wall -Wwrite-strings -Wsign-compare -Wcast-align -Wextra -Wformat -Wformat-security -Wno-unused-parameter -fno-strict-aliasing -fdiagnostics-show-option -pedantic -std=c99 -D_GNU_SOURCE  -I/usr/local/include  conftest.c  >&5
conftest.c:88:6: warning: conflicting types for built-in function 'strstr'
 char strstr ();
      ^
configure:14286: $? = 0
configure:14286: result: yes
configure:14286: checking for strtoul
configure:14286: gcc -o conftest -g -O2 -fvisibility=hidden -Wall -Wwrite-strings -Wsign-compare -Wcast-align -Wextra -Wformat -Wformat-security -Wno-unused-parameter -fno-strict-aliasing -fdiagnostics-show-option -pedantic -std=c99 -D_GNU_SOURCE  -I/usr/local/include  conftest.c  >&5
configure:14286: $? = 0
configure:14286: result: yes
configure:14413: checking that generated files are newer than configure
configure:14419: result: done
configure:14478: creating ./config.status

## ---------------------- ##
## Running config.status. ##
## ---------------------- ##

This file was extended by daq config.status 2.0.6, which was
generated by GNU Autoconf 2.69.  Invocation command line was

  CONFIG_FILES    = 
  CONFIG_HEADERS  = 
  CONFIG_LINKS    = 
  CONFIG_COMMANDS = 
  $ ./config.status 

on swena56.ddns.net

config.status:1156: creating Makefile
config.status:1156: creating api/Makefile
config.status:1156: creating os-daq-modules/Makefile
config.status:1156: creating os-daq-modules/daq-modules-config
config.status:1156: creating sfbpf/Makefile
config.status:1156: creating config.h
config.status:1385: executing depfiles commands
config.status:1385: executing libtool commands

## ---------------- ##
## Cache variables. ##
## ---------------- ##

ac_cv_build=i686-pc-linux-gnu
ac_cv_c_compiler_gnu=yes
ac_cv_c_inline=inline
ac_cv_c_uint16_t=yes
ac_cv_c_uint32_t=yes
ac_cv_c_uint64_t=yes
ac_cv_c_uint8_t=yes
ac_cv_env_CC_set=
ac_cv_env_CC_value=
ac_cv_env_CFLAGS_set=
ac_cv_env_CFLAGS_value=
ac_cv_env_CPPFLAGS_set=
ac_cv_env_CPPFLAGS_value=
ac_cv_env_CPP_set=
ac_cv_env_CPP_value=
ac_cv_env_LDFLAGS_set=
ac_cv_env_LDFLAGS_value=
ac_cv_env_LIBS_set=
ac_cv_env_LIBS_value=
ac_cv_env_LT_SYS_LIBRARY_PATH_set=
ac_cv_env_LT_SYS_LIBRARY_PATH_value=
ac_cv_env_build_alias_set=
ac_cv_env_build_alias_value=
ac_cv_env_host_alias_set=
ac_cv_env_host_alias_value=
ac_cv_env_target_alias_set=
ac_cv_env_target_alias_value=
ac_cv_func_getaddrinfo=yes
ac_cv_func_gethostbyname=yes
ac_cv_func_getpagesize=yes
ac_cv_func_malloc_0_nonnull=yes
ac_cv_func_memset=yes
ac_cv_func_mmap_fixed_mapped=yes
ac_cv_func_munmap=yes
ac_cv_func_socket=yes
ac_cv_func_strchr=yes
ac_cv_func_strcspn=yes
ac_cv_func_strdup=yes
ac_cv_func_strerror=yes
ac_cv_func_strrchr=yes
ac_cv_func_strstr=yes
ac_cv_func_strtoul=yes
ac_cv_have_decl_NETMAP_API=no
ac_cv_have_decl_PACKET_TX_RING=yes
ac_cv_have_decl_TPACKET2_HDRLEN=yes
ac_cv_header_dlfcn_h=yes
ac_cv_header_dnet_h=yes
ac_cv_header_dumbnet_h=no
ac_cv_header_inttypes_h=yes
ac_cv_header_libipq_h=yes
ac_cv_header_libnetfilter_queue_libnetfilter_queue_h=yes
ac_cv_header_linux_if_ether_h=yes
ac_cv_header_linux_if_packet_h=yes
ac_cv_header_linux_netfilter_h=yes
ac_cv_header_memory_h=yes
ac_cv_header_net_netmap_h=no
ac_cv_header_net_netmap_user_h=no
ac_cv_header_netdb_h=yes
ac_cv_header_netinet_in_h=yes
ac_cv_header_pcap_h=yes
ac_cv_header_stdc=yes
ac_cv_header_stdint_h=yes
ac_cv_header_stdlib_h=yes
ac_cv_header_string_h=yes
ac_cv_header_strings_h=yes
ac_cv_header_sys_ioctl_h=yes
ac_cv_header_sys_param_h=yes
ac_cv_header_sys_socket_h=yes
ac_cv_header_sys_stat_h=yes
ac_cv_header_sys_time_h=yes
ac_cv_header_sys_types_h=yes
ac_cv_header_unistd_h=yes
ac_cv_host=i686-pc-linux-gnu
ac_cv_lbl_flex_v24=yes
ac_cv_lib_dl_dlopen=yes
ac_cv_lib_dnet_eth_set=yes
ac_cv_lib_dumbnet_eth_set=no
ac_cv_lib_pcap_pcap_lib_version=yes
ac_cv_objext=o
ac_cv_path_EGREP='/bin/grep -E'
ac_cv_path_FGREP='/bin/grep -F'
ac_cv_path_GREP=/bin/grep
ac_cv_path_SED=/bin/sed
ac_cv_path_install='/usr/bin/install -c'
ac_cv_path_lt_DD=/bin/dd
ac_cv_path_mkdir=/bin/mkdir
ac_cv_prog_AWK=mawk
ac_cv_prog_CPP='gcc -E'
ac_cv_prog_V_LEX=flex
ac_cv_prog_V_YACC=bison
ac_cv_prog_ac_ct_AR=ar
ac_cv_prog_ac_ct_CC=gcc
ac_cv_prog_ac_ct_MANIFEST_TOOL=mt
ac_cv_prog_ac_ct_OBJDUMP=objdump
ac_cv_prog_ac_ct_RANLIB=ranlib
ac_cv_prog_ac_ct_STRIP=strip
ac_cv_prog_cc_c89=
ac_cv_prog_cc_g=yes
ac_cv_prog_make_make_set=yes
ac_cv_type_size_t=yes
am_cv_CC_dependencies_compiler_type=gcc3
am_cv_make_support_nested_variables=yes
am_cv_prog_cc_c_o=yes
ax_cv_cflags_gcc_option__Wall=-Wall
ax_cv_cflags_gcc_option__Wcast_align=-Wcast-align
ax_cv_cflags_gcc_option__Wextra=-Wextra
ax_cv_cflags_gcc_option__Wformat=-Wformat
ax_cv_cflags_gcc_option__Wformat_security=-Wformat-security
ax_cv_cflags_gcc_option__Wno_unused_parameter=-Wno-unused-parameter
ax_cv_cflags_gcc_option__Wsign_compare=-Wsign-compare
ax_cv_cflags_gcc_option__Wwrite_strings=-Wwrite-strings
ax_cv_cflags_gcc_option__fdiagnostics_show_option=-fdiagnostics-show-option
ax_cv_cflags_gcc_option__fno_strict_aliasing=-fno-strict-aliasing
ax_cv_cflags_gcc_option__pedantic__std_c99__D_GNU_SOURCE='-pedantic -std=c99 -D_GNU_SOURCE'
daq_cv_libpcap_version_1x=yes
gl_cv_cc_visibility=yes
lt_cv_ar_at_file=@
lt_cv_archive_cmds_need_lc=no
lt_cv_deplibs_check_method=pass_all
lt_cv_file_magic_cmd='$MAGIC_CMD'
lt_cv_file_magic_test_file=
lt_cv_ld_reload_flag=-r
lt_cv_nm_interface='BSD nm'
lt_cv_objdir=.libs
lt_cv_path_LD=/usr/bin/ld
lt_cv_path_NM='/usr/bin/nm -B'
lt_cv_path_mainfest_tool=no
lt_cv_prog_compiler_c_o=yes
lt_cv_prog_compiler_pic='-fPIC -DPIC'
lt_cv_prog_compiler_pic_works=yes
lt_cv_prog_compiler_rtti_exceptions=no
lt_cv_prog_compiler_static_works=yes
lt_cv_prog_gnu_ld=yes
lt_cv_sharedlib_from_linklib_cmd='printf %s\n'
lt_cv_shlibpath_overrides_runpath=no
lt_cv_sys_global_symbol_pipe='sed -n -e '\''s/^.*[	 ]\([ABCDGIRSTW][ABCDGIRSTW]*\)[	 ][	 ]*\([_A-Za-z][_A-Za-z0-9]*\)$/\1 \2 \2/p'\'' | sed '\''/ __gnu_lto/d'\'''
lt_cv_sys_global_symbol_to_c_name_address='sed -n -e '\''s/^: \(.*\) .*$/  {"\1", (void *) 0},/p'\'' -e '\''s/^[ABCDGIRSTW][ABCDGIRSTW]* .* \(.*\)$/  {"\1", (void *) \&\1},/p'\'''
lt_cv_sys_global_symbol_to_c_name_address_lib_prefix='sed -n -e '\''s/^: \(.*\) .*$/  {"\1", (void *) 0},/p'\'' -e '\''s/^[ABCDGIRSTW][ABCDGIRSTW]* .* \(lib.*\)$/  {"\1", (void *) \&\1},/p'\'' -e '\''s/^[ABCDGIRSTW][ABCDGIRSTW]* .* \(.*\)$/  {"lib\1", (void *) \&\1},/p'\'''
lt_cv_sys_global_symbol_to_cdecl='sed -n -e '\''s/^T .* \(.*\)$/extern int \1();/p'\'' -e '\''s/^[ABCDGIRSTW][ABCDGIRSTW]* .* \(.*\)$/extern char \1;/p'\'''
lt_cv_sys_global_symbol_to_import=
lt_cv_sys_max_cmd_len=1572864
lt_cv_to_host_file_cmd=func_convert_file_noop
lt_cv_to_tool_file_cmd=func_convert_file_noop
lt_cv_truncate_bin='/bin/dd bs=4096 count=1'

## ----------------- ##
## Output variables. ##
## ----------------- ##

ACLOCAL='${SHELL} /root/linux-scripts/snort/daq-2.0.6/missing aclocal-1.15'
AMDEPBACKSLASH='\'
AMDEP_FALSE='#'
AMDEP_TRUE=''
AMTAR='$${TAR-tar}'
AM_BACKSLASH='\'
AM_DEFAULT_V='$(AM_DEFAULT_VERBOSITY)'
AM_DEFAULT_VERBOSITY='1'
AM_V='$(V)'
AR='ar'
AUTOCONF='${SHELL} /root/linux-scripts/snort/daq-2.0.6/missing autoconf'
AUTOHEADER='${SHELL} /root/linux-scripts/snort/daq-2.0.6/missing autoheader'
AUTOMAKE='${SHELL} /root/linux-scripts/snort/daq-2.0.6/missing automake-1.15'
AWK='mawk'
BUILD_AFPACKET_MODULE_FALSE='#'
BUILD_AFPACKET_MODULE_TRUE=''
BUILD_DUMP_MODULE_FALSE='#'
BUILD_DUMP_MODULE_TRUE=''
BUILD_IPFW_MODULE_FALSE='#'
BUILD_IPFW_MODULE_TRUE=''
BUILD_IPQ_MODULE_FALSE='#'
BUILD_IPQ_MODULE_TRUE=''
BUILD_MODULES_FALSE='#'
BUILD_MODULES_TRUE=''
BUILD_NETMAP_MODULE_FALSE=''
BUILD_NETMAP_MODULE_TRUE='#'
BUILD_NFQ_MODULE_FALSE='#'
BUILD_NFQ_MODULE_TRUE=''
BUILD_PCAP_MODULE_FALSE='#'
BUILD_PCAP_MODULE_TRUE=''
BUILD_SHARED_MODULES_FALSE='#'
BUILD_SHARED_MODULES_TRUE=''
CC='gcc'
CCDEPMODE='depmode=gcc3'
CFLAGS='-g -O2 -fvisibility=hidden -Wall -Wwrite-strings -Wsign-compare -Wcast-align -Wextra -Wformat -Wformat-security -Wno-unused-parameter -fno-strict-aliasing -fdiagnostics-show-option -pedantic -std=c99 -D_GNU_SOURCE'
CPP='gcc -E'
CPPFLAGS=' -I/usr/local/include'
CYGPATH_W='echo'
DEFS='-DHAVE_CONFIG_H'
DEPDIR='.deps'
DLLTOOL='false'
DNET_LDFLAGS='-L/usr/local/lib -ldnet'
DSYMUTIL=''
DUMPBIN=''
ECHO_C=''
ECHO_N='-n'
ECHO_T=''
EGREP='/bin/grep -E'
EXEEXT=''
FGREP='/bin/grep -F'
GREP='/bin/grep'
INSTALL_DATA='${INSTALL} -m 644'
INSTALL_PROGRAM='${INSTALL}'
INSTALL_SCRIPT='${INSTALL}'
INSTALL_STRIP_PROGRAM='$(install_sh) -c -s'
LD='/usr/bin/ld'
LDFLAGS=''
LIBDL='-ldl'
LIBOBJS=''
LIBS=''
LIBTOOL='$(SHELL) $(top_builddir)/libtool'
LIPO=''
LN_S='ln -s'
LTLIBOBJS=''
LT_SYS_LIBRARY_PATH=''
MAKEINFO='${SHELL} /root/linux-scripts/snort/daq-2.0.6/missing makeinfo'
MANIFEST_TOOL=':'
MKDIR_P='/bin/mkdir -p'
NM='/usr/bin/nm -B'
NMEDIT=''
OBJDUMP='objdump'
OBJEXT='o'
OTOOL64=''
OTOOL=''
PACKAGE='daq'
PACKAGE_BUGREPORT='snort-team@sourcefire.com'
PACKAGE_NAME='daq'
PACKAGE_STRING='daq 2.0.6'
PACKAGE_TARNAME='daq'
PACKAGE_URL=''
PACKAGE_VERSION='2.0.6'
PATH_SEPARATOR=':'
RANLIB='ranlib'
SED='/bin/sed'
SET_MAKE=''
SHELL='/bin/bash'
STATIC_LIBS=' -lsfbpf -lpcap -lsfbpf -lipq -lsfbpf -lnfnetlink -lnetfilter_queue -lsfbpf -lpcap -L/usr/local/lib -ldnet'
STRIP='strip'
VERSION='2.0.6'
V_LEX='flex -Psfbpf_'
V_YACC='bison -y -p sfbpf_'
XCCFLAGS=''
ac_ct_AR='ar'
ac_ct_CC='gcc'
ac_ct_DUMPBIN=''
am__EXEEXT_FALSE=''
am__EXEEXT_TRUE='#'
am__fastdepCC_FALSE='#'
am__fastdepCC_TRUE=''
am__include='include'
am__isrc=''
am__leading_dot='.'
am__nodep='_no'
am__quote=''
am__tar='$${TAR-tar} chof - "$$tardir"'
am__untar='$${TAR-tar} xf -'
bindir='${exec_prefix}/bin'
build='i686-pc-linux-gnu'
build_alias=''
build_cpu='i686'
build_os='linux-gnu'
build_vendor='pc'
datadir='${datarootdir}'
datarootdir='${prefix}/share'
docdir='${datarootdir}/doc/${PACKAGE_TARNAME}'
dvidir='${docdir}'
exec_prefix='${prefix}'
host='i686-pc-linux-gnu'
host_alias=''
host_cpu='i686'
host_os='linux-gnu'
host_vendor='pc'
htmldir='${docdir}'
includedir='${prefix}/include'
infodir='${datarootdir}/info'
install_sh='${SHELL} /root/linux-scripts/snort/daq-2.0.6/install-sh'
libdir='${exec_prefix}/lib'
libexecdir='${exec_prefix}/libexec'
localedir='${datarootdir}/locale'
localstatedir='${prefix}/var'
mandir='${datarootdir}/man'
mkdir_p='$(MKDIR_P)'
oldincludedir='/usr/include'
pdfdir='${docdir}'
prefix='/usr/local'
program_transform_name='s,x,x,'
psdir='${docdir}'
sbindir='${exec_prefix}/sbin'
sharedstatedir='${prefix}/com'
sysconfdir='${prefix}/etc'
target_alias=''

## ----------- ##
## confdefs.h. ##
## ----------- ##

/* confdefs.h */
#define PACKAGE_NAME "daq"
#define PACKAGE_TARNAME "daq"
#define PACKAGE_VERSION "2.0.6"
#define PACKAGE_STRING "daq 2.0.6"
#define PACKAGE_BUGREPORT "snort-team@sourcefire.com"
#define PACKAGE_URL ""
#define PACKAGE "daq"
#define VERSION "2.0.6"
#define STDC_HEADERS 1
#define HAVE_SYS_TYPES_H 1
#define HAVE_SYS_STAT_H 1
#define HAVE_STDLIB_H 1
#define HAVE_STRING_H 1
#define HAVE_MEMORY_H 1
#define HAVE_STRINGS_H 1
#define HAVE_INTTYPES_H 1
#define HAVE_STDINT_H 1
#define HAVE_UNISTD_H 1
#define HAVE_DLFCN_H 1
#define LT_OBJDIR ".libs/"
#define HAVE_VISIBILITY 1
#define INET6 1
#define HAVE_LINUX_IF_ETHER_H 1
#define HAVE_LINUX_IF_PACKET_H 1
#define HAVE_DECL_TPACKET2_HDRLEN 1
#define HAVE_DECL_PACKET_TX_RING 1
#define HAVE_LIBPCAP 1
#define HAVE_NETINET_IN_H 1
#define HAVE_LIBIPQ_H 1
#define HAVE_NETINET_IN_H 1
#define HAVE_LIBNETFILTER_QUEUE_LIBNETFILTER_QUEUE_H 1
#define HAVE_DNET_H 1
#define HAVE_LIBDNET 1
#define HAVE_INTTYPES_H 1
#define HAVE_MEMORY_H 1
#define HAVE_NETDB_H 1
#define HAVE_NETINET_IN_H 1
#define HAVE_STDINT_H 1
#define HAVE_STDLIB_H 1
#define HAVE_STRING_H 1
#define HAVE_SYS_IOCTL_H 1
#define HAVE_SYS_PARAM_H 1
#define HAVE_SYS_SOCKET_H 1
#define HAVE_SYS_TIME_H 1
#define HAVE_UNISTD_H 1
#define HAVE_STDLIB_H 1
#define HAVE_MALLOC 1
#define HAVE_STDLIB_H 1
#define HAVE_UNISTD_H 1
#define HAVE_SYS_PARAM_H 1
#define HAVE_GETPAGESIZE 1
#define HAVE_MMAP 1
#define HAVE_GETHOSTBYNAME 1
#define HAVE_GETPAGESIZE 1
#define HAVE_MEMSET 1
#define HAVE_MUNMAP 1
#define HAVE_SOCKET 1
#define HAVE_STRCHR 1
#define HAVE_STRCSPN 1
#define HAVE_STRDUP 1
#define HAVE_STRERROR 1
#define HAVE_STRRCHR 1
#define HAVE_STRSTR 1
#define HAVE_STRTOUL 1

configure: exit 0
